{"/Users/indraep/Documents/code/react-sample/React Flux/resources/js/actions/ActionsHelper.js": {"path":"/Users/indraep/Documents/code/react-sample/React Flux/resources/js/actions/ActionsHelper.js","statementMap":{"0":{"start":{"line":1,"column":20},"end":{"line":1,"column":58}},"1":{"start":{"line":3,"column":20},"end":{"line":10,"column":1}},"2":{"start":{"line":5,"column":2},"end":{"line":8,"column":5}},"3":{"start":{"line":12,"column":0},"end":{"line":12,"column":31}}},"fnMap":{"0":{"name":"(anonymous_0)","decl":{"start":{"line":4,"column":11},"end":{"line":4,"column":12}},"loc":{"start":{"line":4,"column":38},"end":{"line":9,"column":2}}}},"branchMap":{},"s":{"0":1,"1":1,"2":0,"3":1},"f":{"0":0},"b":{},"_coverageSchema":"332fd63041d2c1bcb487cc26dd0d5f7d97098a6c","hash":"59cbe6591af0b28d33fa0bcf37d6afb08528512b"}
,"/Users/indraep/Documents/code/react-sample/React Flux/resources/js/actions/TodoActions.js": {"path":"/Users/indraep/Documents/code/react-sample/React Flux/resources/js/actions/TodoActions.js","statementMap":{"0":{"start":{"line":1,"column":20},"end":{"line":1,"column":46}},"1":{"start":{"line":2,"column":20},"end":{"line":2,"column":57}},"2":{"start":{"line":4,"column":18},"end":{"line":19,"column":1}},"3":{"start":{"line":6,"column":13},"end":{"line":9,"column":3}},"4":{"start":{"line":11,"column":2},"end":{"line":11,"column":62}},"5":{"start":{"line":15,"column":13},"end":{"line":15,"column":33}},"6":{"start":{"line":17,"column":2},"end":{"line":17,"column":59}},"7":{"start":{"line":21,"column":0},"end":{"line":21,"column":29}}},"fnMap":{"0":{"name":"(anonymous_0)","decl":{"start":{"line":5,"column":10},"end":{"line":5,"column":11}},"loc":{"start":{"line":5,"column":38},"end":{"line":12,"column":2}}},"1":{"name":"(anonymous_1)","decl":{"start":{"line":14,"column":13},"end":{"line":14,"column":14}},"loc":{"start":{"line":14,"column":31},"end":{"line":18,"column":2}}}},"branchMap":{},"s":{"0":1,"1":1,"2":1,"3":0,"4":0,"5":0,"6":0,"7":1},"f":{"0":0,"1":0},"b":{},"_coverageSchema":"332fd63041d2c1bcb487cc26dd0d5f7d97098a6c","hash":"7a020275852605298a8068cfcc586dc8c143acdf"}
,"/Users/indraep/Documents/code/react-sample/React Flux/resources/js/components/TodoItem.jsx": {"path":"/Users/indraep/Documents/code/react-sample/React Flux/resources/js/components/TodoItem.jsx","statementMap":{"0":{"start":{"line":1,"column":12},"end":{"line":1,"column":28}},"1":{"start":{"line":3,"column":18},"end":{"line":3,"column":51}},"2":{"start":{"line":6,"column":1},"end":{"line":6,"column":38}},"3":{"start":{"line":9,"column":15},"end":{"line":43,"column":2}},"4":{"start":{"line":11,"column":2},"end":{"line":11,"column":34}},"5":{"start":{"line":15,"column":13},"end":{"line":15,"column":28}},"6":{"start":{"line":17,"column":2},"end":{"line":41,"column":3}},"7":{"start":{"line":18,"column":3},"end":{"line":25,"column":5}},"8":{"start":{"line":27,"column":3},"end":{"line":40,"column":5}},"9":{"start":{"line":45,"column":0},"end":{"line":45,"column":26}}},"fnMap":{"0":{"name":"getPriority","decl":{"start":{"line":5,"column":9},"end":{"line":5,"column":20}},"loc":{"start":{"line":5,"column":28},"end":{"line":7,"column":1}}},"1":{"name":"(anonymous_1)","decl":{"start":{"line":10,"column":19},"end":{"line":10,"column":20}},"loc":{"start":{"line":10,"column":37},"end":{"line":12,"column":2}}},"2":{"name":"(anonymous_2)","decl":{"start":{"line":14,"column":9},"end":{"line":14,"column":10}},"loc":{"start":{"line":14,"column":20},"end":{"line":42,"column":2}}}},"branchMap":{"0":{"loc":{"start":{"line":17,"column":2},"end":{"line":41,"column":3}},"type":"if","locations":[{"start":{"line":17,"column":2},"end":{"line":41,"column":3}},{"start":{"line":17,"column":2},"end":{"line":41,"column":3}}]}},"s":{"0":1,"1":1,"2":3,"3":1,"4":1,"5":3,"6":3,"7":1,"8":2,"9":1},"f":{"0":3,"1":1,"2":3},"b":{"0":[1,2]},"_coverageSchema":"332fd63041d2c1bcb487cc26dd0d5f7d97098a6c","hash":"7f8235bbc79757fb4ea10e7fde2f8be4cef8f8f9"}
,"/Users/indraep/Documents/code/react-sample/React Flux/resources/js/constants/TodoConstants.js": {"path":"/Users/indraep/Documents/code/react-sample/React Flux/resources/js/constants/TodoConstants.js","statementMap":{"0":{"start":{"line":1,"column":11},"end":{"line":1,"column":27}},"1":{"start":{"line":4,"column":1},"end":{"line":4,"column":27}},"2":{"start":{"line":7,"column":0},"end":{"line":10,"column":2}}},"fnMap":{"0":{"name":"construct","decl":{"start":{"line":3,"column":9},"end":{"line":3,"column":18}},"loc":{"start":{"line":3,"column":26},"end":{"line":5,"column":1}}}},"branchMap":{},"s":{"0":1,"1":2,"2":1},"f":{"0":2},"b":{},"_coverageSchema":"332fd63041d2c1bcb487cc26dd0d5f7d97098a6c","hash":"b43a6a9b8120d68527e0f4d5b3f61a913c47f015"}
,"/Users/indraep/Documents/code/react-sample/React Flux/resources/js/dispatcher/AppDispatcher.js": {"path":"/Users/indraep/Documents/code/react-sample/React Flux/resources/js/dispatcher/AppDispatcher.js","statementMap":{"0":{"start":{"line":1,"column":17},"end":{"line":1,"column":43}},"1":{"start":{"line":4,"column":20},"end":{"line":4,"column":36}},"2":{"start":{"line":7,"column":0},"end":{"line":12,"column":1}},"3":{"start":{"line":8,"column":1},"end":{"line":11,"column":4}},"4":{"start":{"line":14,"column":0},"end":{"line":14,"column":31}}},"fnMap":{"0":{"name":"(anonymous_0)","decl":{"start":{"line":7,"column":29},"end":{"line":7,"column":30}},"loc":{"start":{"line":7,"column":46},"end":{"line":12,"column":1}}}},"branchMap":{},"s":{"0":1,"1":1,"2":1,"3":0,"4":1},"f":{"0":0},"b":{},"_coverageSchema":"332fd63041d2c1bcb487cc26dd0d5f7d97098a6c","hash":"e17683a245edd95b39eca18910d1209ac04ec7a4"}
}
