TN:
SF:/Users/indraep/Documents/code/react-sample/React Flux/resources/js/actions/ActionsHelper.js
FN:4,(anonymous_0)
FNF:1
FNH:0
FNDA:0,(anonymous_0)
DA:1,1
DA:3,1
DA:5,0
DA:12,1
LF:4
LH:3
BRF:0
BRH:0
end_of_record
TN:
SF:/Users/indraep/Documents/code/react-sample/React Flux/resources/js/actions/TodoActions.js
FN:5,(anonymous_0)
FN:14,(anonymous_1)
FNF:2
FNH:0
FNDA:0,(anonymous_0)
FNDA:0,(anonymous_1)
DA:1,1
DA:2,1
DA:4,1
DA:6,0
DA:11,0
DA:15,0
DA:17,0
DA:21,1
LF:8
LH:4
BRF:0
BRH:0
end_of_record
TN:
SF:/Users/indraep/Documents/code/react-sample/React Flux/resources/js/components/TodoItem.jsx
FN:5,getPriority
FN:10,(anonymous_1)
FN:14,(anonymous_2)
FNF:3
FNH:3
FNDA:3,getPriority
FNDA:1,(anonymous_1)
FNDA:3,(anonymous_2)
DA:1,1
DA:3,1
DA:6,3
DA:9,1
DA:11,1
DA:15,3
DA:17,3
DA:18,1
DA:27,2
DA:45,1
LF:10
LH:10
BRDA:17,0,0,1
BRDA:17,0,1,2
BRF:2
BRH:2
end_of_record
TN:
SF:/Users/indraep/Documents/code/react-sample/React Flux/resources/js/constants/TodoConstants.js
FN:3,construct
FNF:1
FNH:1
FNDA:2,construct
DA:1,1
DA:4,2
DA:7,1
LF:3
LH:3
BRF:0
BRH:0
end_of_record
TN:
SF:/Users/indraep/Documents/code/react-sample/React Flux/resources/js/dispatcher/AppDispatcher.js
FN:7,(anonymous_0)
FNF:1
FNH:0
FNDA:0,(anonymous_0)
DA:1,1
DA:4,1
DA:7,1
DA:8,0
DA:14,1
LF:5
LH:4
BRF:0
BRH:0
end_of_record
